<?xml version="1.0" encoding="UTF-8"?>
<!-- Generated by org.testng.reporters.JUnitReportReporter -->
<testsuite hostname="DESKTOP-0JON43M" failures="0" tests="1" name="Test_data" time="25.553" errors="0" timestamp="06 Oct 2022 01:51:03 GMT" skipped="0">
  <testcase classname="Test_data" name="Testdata" time="25.553"/>
</testsuite> <!-- Test_data -->
